<?xml version="1.0" encoding="UTF-8"?>
<coverage generated="1407366755">
  <project timestamp="1407366755">
    <package name="Acme\DemoBundle\Command">
      <file name="/var/www/Jenkins/src/Acme/DemoBundle/Command/HelloWorldCommand.php">
        <class name="HelloWorldCommand" namespace="Acme\DemoBundle\Command">
          <metrics methods="2" coveredmethods="0" conditionals="0" coveredconditionals="0" statements="16" coveredstatements="0" elements="18" coveredelements="0"/>
        </class>
        <line num="23" type="method" name="configure" crap="2" count="0"/>
        <line num="24" type="stmt" count="0"/>
        <line num="25" type="stmt" count="0"/>
        <line num="26" type="stmt" count="0"/>
        <line num="27" type="stmt" count="0"/>
        <line num="28" type="stmt" count="0"/>
        <line num="29" type="stmt" count="0"/>
        <line num="30" type="stmt" count="0"/>
        <line num="32" type="stmt" count="0"/>
        <line num="34" type="stmt" count="0"/>
        <line num="36" type="stmt" count="0"/>
        <line num="37" type="stmt" count="0"/>
        <line num="38" type="stmt" count="0"/>
        <line num="39" type="stmt" count="0"/>
        <line num="44" type="method" name="execute" crap="2" count="0"/>
        <line num="45" type="stmt" count="0"/>
        <line num="46" type="stmt" count="0"/>
        <line num="47" type="stmt" count="0"/>
        <metrics loc="48" ncloc="34" classes="1" methods="2" coveredmethods="0" conditionals="0" coveredconditionals="0" statements="16" coveredstatements="0" elements="18" coveredelements="0"/>
      </file>
    </package>
    <package name="Acme\DemoBundle\Controller">
      <file name="/var/www/Jenkins/src/Acme/DemoBundle/Controller/DemoController.php">
        <class name="DemoController" namespace="Acme\DemoBundle\Controller">
          <metrics methods="3" coveredmethods="1" conditionals="0" coveredconditionals="0" statements="9" coveredstatements="1" elements="12" coveredelements="2"/>
        </class>
        <line num="20" type="method" name="indexAction" crap="2" count="0"/>
        <line num="22" type="stmt" count="0"/>
        <line num="29" type="method" name="helloAction" crap="1" count="1"/>
        <line num="31" type="stmt" count="1"/>
        <line num="38" type="method" name="contactAction" crap="6" count="0"/>
        <line num="40" type="stmt" count="0"/>
        <line num="41" type="stmt" count="0"/>
        <line num="43" type="stmt" count="0"/>
        <line num="44" type="stmt" count="0"/>
        <line num="49" type="stmt" count="0"/>
        <line num="51" type="stmt" count="0"/>
        <line num="54" type="stmt" count="0"/>
        <metrics loc="56" ncloc="38" classes="1" methods="3" coveredmethods="1" conditionals="0" coveredconditionals="0" statements="9" coveredstatements="1" elements="12" coveredelements="2"/>
      </file>
      <file name="/var/www/Jenkins/src/Acme/DemoBundle/Controller/SecuredController.php">
        <class name="SecuredController" namespace="Acme\DemoBundle\Controller">
          <metrics methods="5" coveredmethods="2" conditionals="0" coveredconditionals="0" statements="11" coveredstatements="7" elements="16" coveredelements="9"/>
        </class>
        <line num="21" type="method" name="loginAction" crap="2.09" count="1"/>
        <line num="23" type="stmt" count="1"/>
        <line num="24" type="stmt" count="0"/>
        <line num="25" type="stmt" count="0"/>
        <line num="26" type="stmt" count="1"/>
        <line num="30" type="stmt" count="1"/>
        <line num="31" type="stmt" count="1"/>
        <line num="32" type="stmt" count="1"/>
        <line num="38" type="method" name="securityCheckAction" crap="2" count="0"/>
        <line num="41" type="stmt" count="0"/>
        <line num="46" type="method" name="logoutAction" crap="2" count="0"/>
        <line num="49" type="stmt" count="0"/>
        <line num="56" type="method" name="helloAction" crap="1" count="1"/>
        <line num="58" type="stmt" count="1"/>
        <line num="66" type="method" name="helloadminAction" crap="1" count="1"/>
        <line num="68" type="stmt" count="1"/>
        <metrics loc="70" ncloc="43" classes="1" methods="5" coveredmethods="2" conditionals="0" coveredconditionals="0" statements="11" coveredstatements="7" elements="16" coveredelements="9"/>
      </file>
      <file name="/var/www/Jenkins/src/Acme/DemoBundle/Controller/WelcomeController.php">
        <class name="WelcomeController" namespace="Acme\DemoBundle\Controller">
          <metrics methods="1" coveredmethods="0" conditionals="0" coveredconditionals="0" statements="1" coveredstatements="0" elements="2" coveredelements="0"/>
        </class>
        <line num="9" type="method" name="indexAction" crap="2" count="0"/>
        <line num="17" type="stmt" count="0"/>
        <metrics loc="19" ncloc="14" classes="1" methods="1" coveredmethods="0" conditionals="0" coveredconditionals="0" statements="1" coveredstatements="0" elements="2" coveredelements="0"/>
      </file>
    </package>
    <package name="Acme\DemoBundle\DependencyInjection">
      <file name="/var/www/Jenkins/src/Acme/DemoBundle/DependencyInjection/AcmeDemoExtension.php">
        <class name="AcmeDemoExtension" namespace="Acme\DemoBundle\DependencyInjection">
          <metrics methods="2" coveredmethods="2" conditionals="0" coveredconditionals="0" statements="4" coveredstatements="4" elements="6" coveredelements="6"/>
        </class>
        <line num="12" type="method" name="load" crap="1" count="1"/>
        <line num="14" type="stmt" count="1"/>
        <line num="15" type="stmt" count="1"/>
        <line num="16" type="stmt" count="1"/>
        <line num="18" type="method" name="getAlias" crap="1" count="1"/>
        <line num="20" type="stmt" count="1"/>
        <metrics loc="22" ncloc="22" classes="1" methods="2" coveredmethods="2" conditionals="0" coveredconditionals="0" statements="4" coveredstatements="4" elements="6" coveredelements="6"/>
      </file>
    </package>
    <package name="Acme\DemoBundle\EventListener">
      <file name="/var/www/Jenkins/src/Acme/DemoBundle/EventListener/ControllerListener.php">
        <class name="ControllerListener" namespace="Acme\DemoBundle\EventListener">
          <metrics methods="2" coveredmethods="2" conditionals="0" coveredconditionals="0" statements="6" coveredstatements="6" elements="8" coveredelements="8"/>
        </class>
        <line num="13" type="method" name="__construct" crap="1" count="2"/>
        <line num="15" type="stmt" count="2"/>
        <line num="16" type="stmt" count="2"/>
        <line num="18" type="method" name="onKernelController" crap="2" count="2"/>
        <line num="20" type="stmt" count="2"/>
        <line num="21" type="stmt" count="2"/>
        <line num="22" type="stmt" count="2"/>
        <line num="23" type="stmt" count="2"/>
        <metrics loc="24" ncloc="24" classes="1" methods="2" coveredmethods="2" conditionals="0" coveredconditionals="0" statements="6" coveredstatements="6" elements="8" coveredelements="8"/>
      </file>
    </package>
    <package name="Acme\DemoBundle\Form">
      <file name="/var/www/Jenkins/src/Acme/DemoBundle/Form/ContactType.php">
        <class name="ContactType" namespace="Acme\DemoBundle\Form">
          <metrics methods="2" coveredmethods="0" conditionals="0" coveredconditionals="0" statements="7" coveredstatements="0" elements="9" coveredelements="0"/>
        </class>
        <line num="10" type="method" name="buildForm" crap="2" count="0"/>
        <line num="11" type="stmt" count="0"/>
        <line num="12" type="stmt" count="0"/>
        <line num="13" type="stmt" count="0"/>
        <line num="14" type="stmt" count="0"/>
        <line num="16" type="method" name="getName" crap="2" count="0"/>
        <line num="17" type="stmt" count="0"/>
        <line num="18" type="stmt" count="0"/>
        <line num="19" type="stmt" count="0"/>
        <metrics loc="20" ncloc="20" classes="1" methods="2" coveredmethods="0" conditionals="0" coveredconditionals="0" statements="7" coveredstatements="0" elements="9" coveredelements="0"/>
      </file>
    </package>
    <package name="Acme\DemoBundle\Twig\Extension">
      <file name="/var/www/Jenkins/src/Acme/DemoBundle/Twig/Extension/DemoExtension.php">
        <class name="DemoExtension" namespace="Acme\DemoBundle\Twig\Extension">
          <metrics methods="7" coveredmethods="5" conditionals="0" coveredconditionals="0" statements="22" coveredstatements="18" elements="29" coveredelements="23"/>
        </class>
        <line num="12" type="method" name="__construct" crap="1" count="2"/>
        <line num="14" type="stmt" count="2"/>
        <line num="15" type="stmt" count="2"/>
        <line num="17" type="method" name="setController" crap="1" count="2"/>
        <line num="19" type="stmt" count="2"/>
        <line num="20" type="stmt" count="2"/>
        <line num="25" type="method" name="getFunctions" crap="2" count="0"/>
        <line num="28" type="stmt" count="0"/>
        <line num="29" type="stmt" count="0"/>
        <line num="32" type="method" name="getCode" crap="1" count="2"/>
        <line num="35" type="stmt" count="2"/>
        <line num="36" type="stmt" count="2"/>
        <line num="38" type="stmt" count="2"/>
        <line num="41" type="stmt" count="2"/>
        <line num="48" type="stmt" count="2"/>
        <line num="49" type="stmt" count="2"/>
        <line num="52" type="method" name="getControllerCode" crap="2.06" count="2"/>
        <line num="54" type="stmt" count="2"/>
        <line num="55" type="stmt" count="2"/>
        <line num="56" type="stmt" count="0"/>
        <line num="57" type="stmt" count="0"/>
        <line num="59" type="stmt" count="2"/>
        <line num="60" type="stmt" count="2"/>
        <line num="62" type="stmt" count="2"/>
        <line num="64" type="stmt" count="2"/>
        <line num="67" type="method" name="getTemplateCode" crap="1" count="2"/>
        <line num="69" type="stmt" count="2"/>
        <line num="77" type="method" name="getName" crap="1" count="2"/>
        <line num="79" type="stmt" count="2"/>
        <metrics loc="81" ncloc="69" classes="1" methods="7" coveredmethods="5" conditionals="0" coveredconditionals="0" statements="22" coveredstatements="18" elements="29" coveredelements="23"/>
      </file>
    </package>
    <metrics files="8" loc="340" ncloc="264" classes="8" methods="24" coveredmethods="12" conditionals="0" coveredconditionals="0" statements="76" coveredstatements="36" elements="100" coveredelements="48"/>
  </project>
</coverage>
